TRACE::2023-10-17.08:56:07::SCWBifWriter::Found the complete platform /tima/smancini/Zynq/Z7/Z7_Demo_Cam/Z7_MC_HDMI_proc_20/Z7_MC_HDMI_proc_wk/system_wrapper/export/system_wrapper/system_wrapper.xpfm
TRACE::2023-10-17.08:56:08::SCWBifWriter::hardware databse : system_wrapper_2
TRACE::2023-10-17.08:56:08::SCWBifWriter::bitstream found in the design
TRACE::2023-10-17.08:56:08::SCWBifWriter::Found a baremetal domain, proc: ps7_cortexa9_0
TRACE::2023-10-17.08:56:08::SCWBifWriter::proc type : 
TRACE::2023-10-17.08:56:08::SCWBifWriter::proc[0] : ps7_cortexa9_0
TRACE::2023-10-17.08:56:08::SCWBifWriter::Device type is : zynq
TRACE::2023-10-17.08:56:08::SCWBifWriter::Writing BIF to file : /tima/smancini/Zynq/Z7/Z7_Demo_Cam/Z7_MC_HDMI_proc_20/Z7_MC_HDMI_proc_wk/Z7_MC_HDMI_proc_sw_system/Debug/system.bif
TRACE::2023-10-17.08:56:08::SCWBifWriter::Writing the Zynq Baremetal bif 
TRACE::2023-10-17.10:33:57::SCWBifWriter::Found the complete platform /tima/smancini/Zynq/Z7/Z7_Demo_Cam/Z7_MC_HDMI_proc_20/Z7_MC_HDMI_proc_wk/system_wrapper/export/system_wrapper/system_wrapper.xpfm
TRACE::2023-10-17.10:33:58::SCWBifWriter::hardware databse : system_wrapper
TRACE::2023-10-17.10:33:58::SCWBifWriter::bitstream found in the design
TRACE::2023-10-17.10:33:58::SCWBifWriter::Found a baremetal domain, proc: ps7_cortexa9_0
TRACE::2023-10-17.10:33:58::SCWBifWriter::proc type : 
TRACE::2023-10-17.10:33:58::SCWBifWriter::proc[0] : ps7_cortexa9_0
TRACE::2023-10-17.10:33:58::SCWBifWriter::Device type is : zynq
TRACE::2023-10-17.10:33:58::SCWBifWriter::Writing BIF to file : /tima/smancini/Zynq/Z7/Z7_Demo_Cam/Z7_MC_HDMI_proc_20/Z7_MC_HDMI_proc_wk/Z7_MC_HDMI_proc_sw_system/Debug/system.bif
TRACE::2023-10-17.10:33:58::SCWBifWriter::Writing the Zynq Baremetal bif 
TRACE::2023-11-21.10:53:23::SCWBifWriter::Found the complete platform /tima/smancini/Zynq/Z7/Z7_Demo_Cam/Z7_MC_HDMI_proc_20/Z7_MC_HDMI_proc_wk/system_wrapper/export/system_wrapper/system_wrapper.xpfm
TRACE::2023-11-21.10:53:24::SCWBifWriter::hardware databse : system_wrapper
TRACE::2023-11-21.10:53:24::SCWBifWriter::bitstream found in the design
TRACE::2023-11-21.10:53:24::SCWBifWriter::Found a baremetal domain, proc: ps7_cortexa9_0
TRACE::2023-11-21.10:53:24::SCWBifWriter::proc type : 
TRACE::2023-11-21.10:53:24::SCWBifWriter::proc[0] : ps7_cortexa9_0
TRACE::2023-11-21.10:53:24::SCWBifWriter::Device type is : zynq
TRACE::2023-11-21.10:53:24::SCWBifWriter::Writing BIF to file : /tima/smancini/Zynq/Z7/Z7_Demo_Cam/Z7_MC_HDMI_proc_20/Z7_MC_HDMI_proc_wk/Z7_MC_HDMI_proc_sw_system/Debug/system.bif
TRACE::2023-11-21.10:53:24::SCWBifWriter::Writing the Zynq Baremetal bif 
TRACE::2023-12-22.10:00:28::SCWBifWriter::Found the complete platform /tima/smancini/Zynq/Z7/Z7_Demo_Cam/Z7_MC_HDMI_proc_20/Z7_MC_HDMI_proc_wk/system_wrapper/export/system_wrapper/system_wrapper.xpfm
TRACE::2023-12-22.10:00:28::SCWBifWriter::hardware databse : system_wrapper_2
TRACE::2023-12-22.10:00:28::SCWBifWriter::bitstream found in the design
TRACE::2023-12-22.10:00:28::SCWBifWriter::Found a baremetal domain, proc: ps7_cortexa9_0
TRACE::2023-12-22.10:00:29::SCWBifWriter::proc type : 
TRACE::2023-12-22.10:00:29::SCWBifWriter::proc[0] : ps7_cortexa9_0
TRACE::2023-12-22.10:00:29::SCWBifWriter::Device type is : zynq
TRACE::2023-12-22.10:00:29::SCWBifWriter::Writing BIF to file : /tima/smancini/Zynq/Z7/Z7_Demo_Cam/Z7_MC_HDMI_proc_20/Z7_MC_HDMI_proc_wk/Z7_MC_HDMI_proc_sw_system/Debug/system.bif
TRACE::2023-12-22.10:00:29::SCWBifWriter::Writing the Zynq Baremetal bif 
TRACE::2024-01-08.14:38:33::SCWBifWriter::Found the complete platform /tima/smancini/Zynq/Z7/Z7_Demo_Cam/Z7_MC_HDMI_proc_20/Z7_MC_HDMI_proc_wk/system_wrapper/export/system_wrapper/system_wrapper.xpfm
TRACE::2024-01-08.14:38:34::SCWBifWriter::hardware databse : system_wrapper_2
TRACE::2024-01-08.14:38:34::SCWBifWriter::bitstream found in the design
TRACE::2024-01-08.14:38:34::SCWBifWriter::Found a baremetal domain, proc: ps7_cortexa9_0
TRACE::2024-01-08.14:38:34::SCWBifWriter::proc type : 
TRACE::2024-01-08.14:38:34::SCWBifWriter::proc[0] : ps7_cortexa9_0
TRACE::2024-01-08.14:38:34::SCWBifWriter::Device type is : zynq
TRACE::2024-01-08.14:38:34::SCWBifWriter::Writing BIF to file : /tima/smancini/Zynq/Z7/Z7_Demo_Cam/Z7_MC_HDMI_proc_20/Z7_MC_HDMI_proc_wk/Z7_MC_HDMI_proc_sw_system/Debug/system.bif
TRACE::2024-01-08.14:38:34::SCWBifWriter::Writing the Zynq Baremetal bif 
